Zelle 0Top Left -3 
Top Right -6 
AMOGUS 0 
below 0 
left -3 
right 3 
bottom left 6 
bottom right 3 


Zelle 1Top Left 0 
Top Right -3 
AMOGUS -6 
below 3 
left 0 
right 6 
bottom left 0 
bottom right 6 


Zelle 2Top Left -6 
Top Right 0 
AMOGUS -3 
below 6 
left 3 
right 0 
bottom left 3 
bottom right 0 


Zelle 3Top Left -3 
Top Right 3 
AMOGUS 0 
below 0 
left 6 
right 3 
bottom left 6 
bottom right 3 


Zelle 4Top Left 0 
Top Right 6 
AMOGUS 3 
below 3 
left 0 
right 6 
bottom left 0 
bottom right 6 


Zelle 5Top Left 3 
Top Right 0 
AMOGUS 6 
below 6 
left 3 
right 0 
bottom left 3 
bottom right 0 


Zelle 6Top Left 6 
Top Right 3 
AMOGUS 0 
below 0 
left 6 
right 3 
bottom left 6 
bottom right 3 


Zelle 7Top Left 0 
Top Right 6 
AMOGUS 3 
below 3 
left 0 
right 6 
bottom left 0 
bottom right 6 


Zelle 8Top Left 3 
Top Right 0 
AMOGUS 6 
below 6 
left 3 
right 0 
bottom left 3 
bottom right 0 


